{"C:\\Users\\tijme\\Documents\\Semester 3\\anonq-react\\src\\common-api.js": {"path":"C:\\Users\\tijme\\Documents\\Semester 3\\anonq-react\\src\\common-api.js","statementMap":{"0":{"start":{"line":3,"column":20},"end":{"line":10,"column":1}},"1":{"start":{"line":4,"column":2},"end":{"line":9,"column":2}}},"fnMap":{"0":{"name":"(anonymous_0)","decl":{"start":{"line":3,"column":20},"end":{"line":3,"column":21}},"loc":{"start":{"line":3,"column":26},"end":{"line":10,"column":1}},"line":3}},"branchMap":{},"s":{"0":2,"1":0},"f":{"0":0},"b":{},"_coverageSchema":"43e27e138ebf9cfc5966b082cf9a028302ed4184","hash":"f30ca9b6e5de9d2927f33e0f35ff682db7f29ea7"}
,"C:\\Users\\tijme\\Documents\\Semester 3\\anonq-react\\src\\Services\\PollService.js": {"path":"C:\\Users\\tijme\\Documents\\Semester 3\\anonq-react\\src\\Services\\PollService.js","statementMap":{"0":{"start":{"line":3,"column":27},"end":{"line":5,"column":3}},"1":{"start":{"line":4,"column":4},"end":{"line":4,"column":78}},"2":{"start":{"line":7,"column":22},"end":{"line":9,"column":1}},"3":{"start":{"line":8,"column":2},"end":{"line":8,"column":71}}},"fnMap":{"0":{"name":"(anonymous_0)","decl":{"start":{"line":3,"column":27},"end":{"line":3,"column":28}},"loc":{"start":{"line":3,"column":43},"end":{"line":5,"column":3}},"line":3},"1":{"name":"(anonymous_1)","decl":{"start":{"line":7,"column":22},"end":{"line":7,"column":23}},"loc":{"start":{"line":7,"column":36},"end":{"line":9,"column":1}},"line":7}},"branchMap":{},"s":{"0":1,"1":0,"2":1,"3":0},"f":{"0":0,"1":0},"b":{},"_coverageSchema":"43e27e138ebf9cfc5966b082cf9a028302ed4184","hash":"345c4b3f86d4da3e8246436e5b71ac3063cf6c27"}
,"C:\\Users\\tijme\\Documents\\Semester 3\\anonq-react\\src\\Services\\QuestionService.js": {"path":"C:\\Users\\tijme\\Documents\\Semester 3\\anonq-react\\src\\Services\\QuestionService.js","statementMap":{"0":{"start":{"line":3,"column":21},"end":{"line":5,"column":3}},"1":{"start":{"line":4,"column":4},"end":{"line":4,"column":54}},"2":{"start":{"line":7,"column":28},"end":{"line":9,"column":1}},"3":{"start":{"line":8,"column":2},"end":{"line":8,"column":79}},"4":{"start":{"line":11,"column":28},"end":{"line":13,"column":1}},"5":{"start":{"line":12,"column":2},"end":{"line":12,"column":65}}},"fnMap":{"0":{"name":"(anonymous_0)","decl":{"start":{"line":3,"column":21},"end":{"line":3,"column":22}},"loc":{"start":{"line":3,"column":31},"end":{"line":5,"column":3}},"line":3},"1":{"name":"(anonymous_1)","decl":{"start":{"line":7,"column":28},"end":{"line":7,"column":29}},"loc":{"start":{"line":7,"column":42},"end":{"line":9,"column":1}},"line":7},"2":{"name":"(anonymous_2)","decl":{"start":{"line":11,"column":28},"end":{"line":11,"column":29}},"loc":{"start":{"line":11,"column":34},"end":{"line":13,"column":1}},"line":11}},"branchMap":{},"s":{"0":1,"1":0,"2":1,"3":0,"4":1,"5":0},"f":{"0":0,"1":0,"2":0},"b":{},"_coverageSchema":"43e27e138ebf9cfc5966b082cf9a028302ed4184","hash":"eabafb1cdef88f09b4c5ff9858c1812e974d0e73"}
,"C:\\Users\\tijme\\Documents\\Semester 3\\anonq-react\\src\\components\\Comment.js": {"path":"C:\\Users\\tijme\\Documents\\Semester 3\\anonq-react\\src\\components\\Comment.js","statementMap":{"0":{"start":{"line":8,"column":4},"end":{"line":29,"column":5}}},"fnMap":{"0":{"name":"Comment","decl":{"start":{"line":7,"column":9},"end":{"line":7,"column":16}},"loc":{"start":{"line":7,"column":35},"end":{"line":34,"column":1}},"line":7}},"branchMap":{},"s":{"0":1},"f":{"0":1},"b":{},"_coverageSchema":"43e27e138ebf9cfc5966b082cf9a028302ed4184","hash":"378b9444be14b28436a0240cee9510a446d49f72"}
,"C:\\Users\\tijme\\Documents\\Semester 3\\anonq-react\\src\\components\\Poll.js": {"path":"C:\\Users\\tijme\\Documents\\Semester 3\\anonq-react\\src\\components\\Poll.js","statementMap":{"0":{"start":{"line":8,"column":24},"end":{"line":18,"column":5}},"1":{"start":{"line":9,"column":8},"end":{"line":9,"column":26}},"2":{"start":{"line":10,"column":8},"end":{"line":17,"column":11}},"3":{"start":{"line":11,"column":12},"end":{"line":11,"column":29}},"4":{"start":{"line":12,"column":12},"end":{"line":12,"column":34}},"5":{"start":{"line":13,"column":12},"end":{"line":13,"column":41}},"6":{"start":{"line":16,"column":12},"end":{"line":16,"column":45}},"7":{"start":{"line":19,"column":27},"end":{"line":21,"column":7}},"8":{"start":{"line":20,"column":7},"end":{"line":20,"column":15}},"9":{"start":{"line":23,"column":4},"end":{"line":39,"column":6}}},"fnMap":{"0":{"name":"Poll","decl":{"start":{"line":6,"column":9},"end":{"line":6,"column":13}},"loc":{"start":{"line":6,"column":52},"end":{"line":40,"column":1}},"line":6},"1":{"name":"(anonymous_1)","decl":{"start":{"line":8,"column":24},"end":{"line":8,"column":25}},"loc":{"start":{"line":8,"column":31},"end":{"line":18,"column":5}},"line":8},"2":{"name":"(anonymous_2)","decl":{"start":{"line":10,"column":56},"end":{"line":10,"column":57}},"loc":{"start":{"line":10,"column":65},"end":{"line":14,"column":9}},"line":10},"3":{"name":"(anonymous_3)","decl":{"start":{"line":15,"column":15},"end":{"line":15,"column":16}},"loc":{"start":{"line":15,"column":26},"end":{"line":17,"column":9}},"line":15},"4":{"name":"(anonymous_4)","decl":{"start":{"line":19,"column":27},"end":{"line":19,"column":28}},"loc":{"start":{"line":20,"column":7},"end":{"line":20,"column":15}},"line":20}},"branchMap":{"0":{"loc":{"start":{"line":32,"column":26},"end":{"line":32,"column":61}},"type":"cond-expr","locations":[{"start":{"line":32,"column":35},"end":{"line":32,"column":53}},{"start":{"line":32,"column":57},"end":{"line":32,"column":61}}],"line":32}},"s":{"0":10,"1":1,"2":1,"3":1,"4":1,"5":1,"6":0,"7":10,"8":6,"9":10},"f":{"0":10,"1":1,"2":1,"3":0,"4":6},"b":{"0":[6,4]},"_coverageSchema":"43e27e138ebf9cfc5966b082cf9a028302ed4184","hash":"8592fc2649129da99759983e92c55c04bc7c62d8"}
,"C:\\Users\\tijme\\Documents\\Semester 3\\anonq-react\\src\\components\\Question.js": {"path":"C:\\Users\\tijme\\Documents\\Semester 3\\anonq-react\\src\\components\\Question.js","statementMap":{"0":{"start":{"line":10,"column":32},"end":{"line":10,"column":47}},"1":{"start":{"line":11,"column":34},"end":{"line":11,"column":46}},"2":{"start":{"line":14,"column":7},"end":{"line":17,"column":18}},"3":{"start":{"line":15,"column":9},"end":{"line":15,"column":24}},"4":{"start":{"line":16,"column":9},"end":{"line":16,"column":25}},"5":{"start":{"line":20,"column":27},"end":{"line":30,"column":5}},"6":{"start":{"line":21,"column":8},"end":{"line":21,"column":27}},"7":{"start":{"line":22,"column":9},"end":{"line":29,"column":11}},"8":{"start":{"line":23,"column":12},"end":{"line":23,"column":29}},"9":{"start":{"line":24,"column":12},"end":{"line":24,"column":34}},"10":{"start":{"line":25,"column":12},"end":{"line":25,"column":30}},"11":{"start":{"line":28,"column":12},"end":{"line":28,"column":45}},"12":{"start":{"line":32,"column":4},"end":{"line":51,"column":6}},"13":{"start":{"line":47,"column":20},"end":{"line":47,"column":123}}},"fnMap":{"0":{"name":"Question","decl":{"start":{"line":9,"column":9},"end":{"line":9,"column":17}},"loc":{"start":{"line":9,"column":39},"end":{"line":52,"column":1}},"line":9},"1":{"name":"(anonymous_1)","decl":{"start":{"line":14,"column":17},"end":{"line":14,"column":18}},"loc":{"start":{"line":14,"column":23},"end":{"line":17,"column":7}},"line":14},"2":{"name":"(anonymous_2)","decl":{"start":{"line":20,"column":27},"end":{"line":20,"column":28}},"loc":{"start":{"line":20,"column":43},"end":{"line":30,"column":5}},"line":20},"3":{"name":"(anonymous_3)","decl":{"start":{"line":22,"column":57},"end":{"line":22,"column":58}},"loc":{"start":{"line":22,"column":66},"end":{"line":26,"column":9}},"line":22},"4":{"name":"(anonymous_4)","decl":{"start":{"line":27,"column":15},"end":{"line":27,"column":16}},"loc":{"start":{"line":27,"column":26},"end":{"line":29,"column":9}},"line":27},"5":{"name":"(anonymous_5)","decl":{"start":{"line":46,"column":31},"end":{"line":46,"column":32}},"loc":{"start":{"line":47,"column":20},"end":{"line":47,"column":123}},"line":47}},"branchMap":{},"s":{"0":6,"1":6,"2":6,"3":2,"4":2,"5":6,"6":1,"7":1,"8":1,"9":1,"10":1,"11":0,"12":6,"13":8},"f":{"0":6,"1":2,"2":1,"3":1,"4":0,"5":8},"b":{},"_coverageSchema":"43e27e138ebf9cfc5966b082cf9a028302ed4184","hash":"a01f081e152fc44920dd70620d60067242d1360a"}
,"C:\\Users\\tijme\\Documents\\Semester 3\\anonq-react\\src\\components\\QuestionForm.js": {"path":"C:\\Users\\tijme\\Documents\\Semester 3\\anonq-react\\src\\components\\QuestionForm.js","statementMap":{"0":{"start":{"line":14,"column":36},"end":{"line":14,"column":51}},"1":{"start":{"line":16,"column":20},"end":{"line":16,"column":32}},"2":{"start":{"line":18,"column":46},"end":{"line":18,"column":61}},"3":{"start":{"line":20,"column":4},"end":{"line":22,"column":24}},"4":{"start":{"line":21,"column":8},"end":{"line":21,"column":128}},"5":{"start":{"line":21,"column":40},"end":{"line":21,"column":125}},"6":{"start":{"line":24,"column":44},"end":{"line":31,"column":5}},"7":{"start":{"line":32,"column":25},"end":{"line":36,"column":5}},"8":{"start":{"line":33,"column":26},"end":{"line":33,"column":43}},"9":{"start":{"line":34,"column":27},"end":{"line":34,"column":45}},"10":{"start":{"line":35,"column":8},"end":{"line":35,"column":121}},"11":{"start":{"line":35,"column":40},"end":{"line":35,"column":118}},"12":{"start":{"line":37,"column":37},"end":{"line":41,"column":5}},"13":{"start":{"line":38,"column":26},"end":{"line":38,"column":43}},"14":{"start":{"line":39,"column":27},"end":{"line":39,"column":66}},"15":{"start":{"line":40,"column":8},"end":{"line":40,"column":84}},"16":{"start":{"line":40,"column":40},"end":{"line":40,"column":81}},"17":{"start":{"line":44,"column":28},"end":{"line":44,"column":40}},"18":{"start":{"line":46,"column":20},"end":{"line":49,"column":5}},"19":{"start":{"line":47,"column":8},"end":{"line":47,"column":41}},"20":{"start":{"line":50,"column":29},"end":{"line":54,"column":5}},"21":{"start":{"line":51,"column":29},"end":{"line":51,"column":38}},"22":{"start":{"line":52,"column":8},"end":{"line":52,"column":68}},"23":{"start":{"line":53,"column":8},"end":{"line":53,"column":30}},"24":{"start":{"line":58,"column":25},"end":{"line":62,"column":5}},"25":{"start":{"line":59,"column":8},"end":{"line":59,"column":25}},"26":{"start":{"line":60,"column":8},"end":{"line":60,"column":71}},"27":{"start":{"line":60,"column":40},"end":{"line":60,"column":68}},"28":{"start":{"line":61,"column":8},"end":{"line":61,"column":26}},"29":{"start":{"line":63,"column":4},"end":{"line":77,"column":28}},"30":{"start":{"line":64,"column":8},"end":{"line":74,"column":9}},"31":{"start":{"line":65,"column":16},"end":{"line":73,"column":19}},"32":{"start":{"line":66,"column":16},"end":{"line":66,"column":37}},"33":{"start":{"line":67,"column":16},"end":{"line":67,"column":101}},"34":{"start":{"line":68,"column":27},"end":{"line":68,"column":30}},"35":{"start":{"line":69,"column":16},"end":{"line":69,"column":35}},"36":{"start":{"line":72,"column":20},"end":{"line":72,"column":53}},"37":{"start":{"line":81,"column":4},"end":{"line":181,"column":6}},"38":{"start":{"line":137,"column":104},"end":{"line":137,"column":136}},"39":{"start":{"line":151,"column":36},"end":{"line":166,"column":38}}},"fnMap":{"0":{"name":"QuestionForm","decl":{"start":{"line":12,"column":9},"end":{"line":12,"column":21}},"loc":{"start":{"line":12,"column":24},"end":{"line":182,"column":1}},"line":12},"1":{"name":"(anonymous_1)","decl":{"start":{"line":20,"column":14},"end":{"line":20,"column":15}},"loc":{"start":{"line":20,"column":20},"end":{"line":22,"column":5}},"line":20},"2":{"name":"(anonymous_2)","decl":{"start":{"line":21,"column":24},"end":{"line":21,"column":25}},"loc":{"start":{"line":21,"column":40},"end":{"line":21,"column":125}},"line":21},"3":{"name":"(anonymous_3)","decl":{"start":{"line":32,"column":25},"end":{"line":32,"column":26}},"loc":{"start":{"line":32,"column":36},"end":{"line":36,"column":5}},"line":32},"4":{"name":"(anonymous_4)","decl":{"start":{"line":35,"column":24},"end":{"line":35,"column":25}},"loc":{"start":{"line":35,"column":40},"end":{"line":35,"column":118}},"line":35},"5":{"name":"(anonymous_5)","decl":{"start":{"line":37,"column":37},"end":{"line":37,"column":38}},"loc":{"start":{"line":37,"column":48},"end":{"line":41,"column":5}},"line":37},"6":{"name":"(anonymous_6)","decl":{"start":{"line":40,"column":24},"end":{"line":40,"column":25}},"loc":{"start":{"line":40,"column":40},"end":{"line":40,"column":81}},"line":40},"7":{"name":"(anonymous_7)","decl":{"start":{"line":46,"column":20},"end":{"line":46,"column":21}},"loc":{"start":{"line":46,"column":26},"end":{"line":49,"column":5}},"line":46},"8":{"name":"(anonymous_8)","decl":{"start":{"line":50,"column":29},"end":{"line":50,"column":30}},"loc":{"start":{"line":50,"column":36},"end":{"line":54,"column":5}},"line":50},"9":{"name":"(anonymous_9)","decl":{"start":{"line":58,"column":25},"end":{"line":58,"column":26}},"loc":{"start":{"line":58,"column":38},"end":{"line":62,"column":5}},"line":58},"10":{"name":"(anonymous_10)","decl":{"start":{"line":60,"column":24},"end":{"line":60,"column":25}},"loc":{"start":{"line":60,"column":40},"end":{"line":60,"column":68}},"line":60},"11":{"name":"(anonymous_11)","decl":{"start":{"line":63,"column":14},"end":{"line":63,"column":15}},"loc":{"start":{"line":63,"column":20},"end":{"line":77,"column":5}},"line":63},"12":{"name":"(anonymous_12)","decl":{"start":{"line":65,"column":64},"end":{"line":65,"column":65}},"loc":{"start":{"line":65,"column":73},"end":{"line":70,"column":17}},"line":65},"13":{"name":"(anonymous_13)","decl":{"start":{"line":71,"column":23},"end":{"line":71,"column":24}},"loc":{"start":{"line":71,"column":34},"end":{"line":73,"column":17}},"line":71},"14":{"name":"(anonymous_14)","decl":{"start":{"line":137,"column":98},"end":{"line":137,"column":99}},"loc":{"start":{"line":137,"column":104},"end":{"line":137,"column":136}},"line":137},"15":{"name":"(anonymous_15)","decl":{"start":{"line":150,"column":41},"end":{"line":150,"column":42}},"loc":{"start":{"line":150,"column":55},"end":{"line":167,"column":33}},"line":150}},"branchMap":{"0":{"loc":{"start":{"line":64,"column":8},"end":{"line":74,"column":9}},"type":"if","locations":[{"start":{"line":64,"column":8},"end":{"line":74,"column":9}},{"start":{"line":64,"column":8},"end":{"line":74,"column":9}}],"line":64}},"s":{"0":18,"1":18,"2":18,"3":18,"4":2,"5":2,"6":18,"7":18,"8":6,"9":6,"10":6,"11":6,"12":18,"13":2,"14":2,"15":2,"16":2,"17":18,"18":18,"19":2,"20":18,"21":2,"22":2,"23":2,"24":18,"25":2,"26":2,"27":2,"28":2,"29":18,"30":4,"31":2,"32":2,"33":2,"34":2,"35":2,"36":0,"37":18,"38":0,"39":8},"f":{"0":18,"1":2,"2":2,"3":6,"4":6,"5":2,"6":2,"7":2,"8":2,"9":2,"10":2,"11":4,"12":2,"13":0,"14":0,"15":8},"b":{"0":[2,2]},"_coverageSchema":"43e27e138ebf9cfc5966b082cf9a028302ed4184","hash":"8b0bf944358500f11b32613ad60c4d2be244c098"}
,"C:\\Users\\tijme\\Documents\\Semester 3\\anonq-react\\src\\components\\SavedQuestions.js": {"path":"C:\\Users\\tijme\\Documents\\Semester 3\\anonq-react\\src\\components\\SavedQuestions.js","statementMap":{"0":{"start":{"line":9,"column":44},"end":{"line":9,"column":59}},"1":{"start":{"line":10,"column":48},"end":{"line":10,"column":69}},"2":{"start":{"line":11,"column":21},"end":{"line":16,"column":3}},"3":{"start":{"line":12,"column":4},"end":{"line":12,"column":37}},"4":{"start":{"line":13,"column":4},"end":{"line":15,"column":5}},"5":{"start":{"line":14,"column":6},"end":{"line":14,"column":28}},"6":{"start":{"line":17,"column":28},"end":{"line":35,"column":3}},"7":{"start":{"line":18,"column":4},"end":{"line":34,"column":5}},"8":{"start":{"line":21,"column":10},"end":{"line":31,"column":11}},"9":{"start":{"line":22,"column":12},"end":{"line":26,"column":13}},"10":{"start":{"line":28,"column":12},"end":{"line":30,"column":13}},"11":{"start":{"line":37,"column":2},"end":{"line":46,"column":3}}},"fnMap":{"0":{"name":"SavedQuestions","decl":{"start":{"line":8,"column":9},"end":{"line":8,"column":23}},"loc":{"start":{"line":8,"column":26},"end":{"line":47,"column":1}},"line":8},"1":{"name":"(anonymous_1)","decl":{"start":{"line":11,"column":21},"end":{"line":11,"column":22}},"loc":{"start":{"line":11,"column":27},"end":{"line":16,"column":3}},"line":11},"2":{"name":"(anonymous_2)","decl":{"start":{"line":17,"column":28},"end":{"line":17,"column":29}},"loc":{"start":{"line":17,"column":34},"end":{"line":35,"column":3}},"line":17},"3":{"name":"(anonymous_3)","decl":{"start":{"line":20,"column":10},"end":{"line":20,"column":11}},"loc":{"start":{"line":20,"column":16},"end":{"line":32,"column":9}},"line":20}},"branchMap":{"0":{"loc":{"start":{"line":13,"column":4},"end":{"line":15,"column":5}},"type":"if","locations":[{"start":{"line":13,"column":4},"end":{"line":15,"column":5}},{"start":{"line":13,"column":4},"end":{"line":15,"column":5}}],"line":13},"1":{"loc":{"start":{"line":21,"column":10},"end":{"line":31,"column":11}},"type":"if","locations":[{"start":{"line":21,"column":10},"end":{"line":31,"column":11}},{"start":{"line":21,"column":10},"end":{"line":31,"column":11}}],"line":21},"2":{"loc":{"start":{"line":24,"column":17},"end":{"line":24,"column":102}},"type":"cond-expr","locations":[{"start":{"line":24,"column":33},"end":{"line":24,"column":95}},{"start":{"line":24,"column":98},"end":{"line":24,"column":102}}],"line":24}},"s":{"0":4,"1":4,"2":4,"3":2,"4":2,"5":1,"6":4,"7":2,"8":2,"9":1,"10":1,"11":4},"f":{"0":4,"1":2,"2":2,"3":2},"b":{"0":[1,1],"1":[1,1],"2":[1,0]},"_coverageSchema":"43e27e138ebf9cfc5966b082cf9a028302ed4184","hash":"96c71311bd4ed78da79f48bc37ad19ea9cc2b4ac"}
}
