TN:
SF:C:\Users\tijme\Documents\Semester 3\anonq-react\src\common-api.js
FN:3,(anonymous_0)
FNF:1
FNH:0
FNDA:0,(anonymous_0)
DA:3,2
DA:4,0
LF:2
LH:1
BRF:0
BRH:0
end_of_record
TN:
SF:C:\Users\tijme\Documents\Semester 3\anonq-react\src\Services\PollService.js
FN:3,(anonymous_0)
FN:7,(anonymous_1)
FNF:2
FNH:0
FNDA:0,(anonymous_0)
FNDA:0,(anonymous_1)
DA:3,1
DA:4,0
DA:7,1
DA:8,0
LF:4
LH:2
BRF:0
BRH:0
end_of_record
TN:
SF:C:\Users\tijme\Documents\Semester 3\anonq-react\src\Services\QuestionService.js
FN:3,(anonymous_0)
FN:7,(anonymous_1)
FN:11,(anonymous_2)
FNF:3
FNH:0
FNDA:0,(anonymous_0)
FNDA:0,(anonymous_1)
FNDA:0,(anonymous_2)
DA:3,1
DA:4,0
DA:7,1
DA:8,0
DA:11,1
DA:12,0
LF:6
LH:3
BRF:0
BRH:0
end_of_record
TN:
SF:C:\Users\tijme\Documents\Semester 3\anonq-react\src\components\Comment.js
FN:7,Comment
FNF:1
FNH:1
FNDA:1,Comment
DA:8,1
LF:1
LH:1
BRF:0
BRH:0
end_of_record
TN:
SF:C:\Users\tijme\Documents\Semester 3\anonq-react\src\components\Poll.js
FN:6,Poll
FN:8,(anonymous_1)
FN:10,(anonymous_2)
FN:15,(anonymous_3)
FN:19,(anonymous_4)
FNF:5
FNH:4
FNDA:10,Poll
FNDA:1,(anonymous_1)
FNDA:1,(anonymous_2)
FNDA:0,(anonymous_3)
FNDA:6,(anonymous_4)
DA:8,10
DA:9,1
DA:10,1
DA:11,1
DA:12,1
DA:13,1
DA:16,0
DA:19,10
DA:20,6
DA:23,10
LF:10
LH:9
BRDA:32,0,0,6
BRDA:32,0,1,4
BRF:2
BRH:2
end_of_record
TN:
SF:C:\Users\tijme\Documents\Semester 3\anonq-react\src\components\Question.js
FN:9,Question
FN:14,(anonymous_1)
FN:20,(anonymous_2)
FN:22,(anonymous_3)
FN:27,(anonymous_4)
FN:46,(anonymous_5)
FNF:6
FNH:5
FNDA:6,Question
FNDA:2,(anonymous_1)
FNDA:1,(anonymous_2)
FNDA:1,(anonymous_3)
FNDA:0,(anonymous_4)
FNDA:8,(anonymous_5)
DA:10,6
DA:11,6
DA:14,6
DA:15,2
DA:16,2
DA:20,6
DA:21,1
DA:22,1
DA:23,1
DA:24,1
DA:25,1
DA:28,0
DA:32,6
DA:47,8
LF:14
LH:13
BRF:0
BRH:0
end_of_record
TN:
SF:C:\Users\tijme\Documents\Semester 3\anonq-react\src\components\QuestionForm.js
FN:12,QuestionForm
FN:20,(anonymous_1)
FN:21,(anonymous_2)
FN:32,(anonymous_3)
FN:35,(anonymous_4)
FN:37,(anonymous_5)
FN:40,(anonymous_6)
FN:46,(anonymous_7)
FN:50,(anonymous_8)
FN:58,(anonymous_9)
FN:60,(anonymous_10)
FN:63,(anonymous_11)
FN:65,(anonymous_12)
FN:71,(anonymous_13)
FN:137,(anonymous_14)
FN:150,(anonymous_15)
FNF:16
FNH:14
FNDA:18,QuestionForm
FNDA:2,(anonymous_1)
FNDA:2,(anonymous_2)
FNDA:6,(anonymous_3)
FNDA:6,(anonymous_4)
FNDA:2,(anonymous_5)
FNDA:2,(anonymous_6)
FNDA:2,(anonymous_7)
FNDA:2,(anonymous_8)
FNDA:2,(anonymous_9)
FNDA:2,(anonymous_10)
FNDA:4,(anonymous_11)
FNDA:2,(anonymous_12)
FNDA:0,(anonymous_13)
FNDA:0,(anonymous_14)
FNDA:8,(anonymous_15)
DA:14,18
DA:16,18
DA:18,18
DA:20,18
DA:21,2
DA:24,18
DA:32,18
DA:33,6
DA:34,6
DA:35,6
DA:37,18
DA:38,2
DA:39,2
DA:40,2
DA:44,18
DA:46,18
DA:47,2
DA:50,18
DA:51,2
DA:52,2
DA:53,2
DA:58,18
DA:59,2
DA:60,2
DA:61,2
DA:63,18
DA:64,4
DA:65,2
DA:66,2
DA:67,2
DA:68,2
DA:69,2
DA:72,0
DA:81,18
DA:137,0
DA:151,8
LF:36
LH:34
BRDA:64,0,0,2
BRDA:64,0,1,2
BRF:2
BRH:2
end_of_record
TN:
SF:C:\Users\tijme\Documents\Semester 3\anonq-react\src\components\SavedQuestions.js
FN:8,SavedQuestions
FN:11,(anonymous_1)
FN:17,(anonymous_2)
FN:20,(anonymous_3)
FNF:4
FNH:4
FNDA:4,SavedQuestions
FNDA:2,(anonymous_1)
FNDA:2,(anonymous_2)
FNDA:2,(anonymous_3)
DA:9,4
DA:10,4
DA:11,4
DA:12,2
DA:13,2
DA:14,1
DA:17,4
DA:18,2
DA:21,2
DA:22,1
DA:28,1
DA:37,4
LF:12
LH:12
BRDA:13,0,0,1
BRDA:13,0,1,1
BRDA:21,1,0,1
BRDA:21,1,1,1
BRDA:24,2,0,1
BRDA:24,2,1,0
BRF:6
BRH:5
end_of_record
